<?xml version="1.0" encoding="UTF-8"?>
<!-- Generated by org.testng.reporters.JUnitReportReporter -->
<testsuite name="Practice.ParallelExecution" tests="3" time="0.020" ignored="0" failures="0" timestamp="24 Jan 2020 20:44:27 GMT" skipped="0" hostname="LAPTOP-ITNB4LO9" errors="0">
  <testcase name="testcase1" time="0.014" classname="Practice.ParallelExecution"/>
  <testcase name="testcase3" time="0.003" classname="Practice.ParallelExecution"/>
  <testcase name="testcase2" time="0.003" classname="Practice.ParallelExecution"/>
</testsuite> <!-- Practice.ParallelExecution -->
