<?xml version="1.0" encoding="UTF-8"?>
<!-- Generated by org.testng.reporters.JUnitReportReporter -->
<testsuite name="Practice.ParallelExecution1" tests="3" time="0.007" ignored="0" failures="0" timestamp="24 Jan 2020 20:44:27 GMT" skipped="0" hostname="LAPTOP-ITNB4LO9" errors="0">
  <testcase name="testcase6" time="0.002" classname="Practice.ParallelExecution1"/>
  <testcase name="testcase5" time="0.002" classname="Practice.ParallelExecution1"/>
  <testcase name="testcase4" time="0.003" classname="Practice.ParallelExecution1"/>
</testsuite> <!-- Practice.ParallelExecution1 -->
