<?xml version="1.0" encoding="UTF-8"?>
<!-- Generated by org.testng.reporters.JUnitReportReporter -->
<testsuite skipped="0" hostname="LAPTOP-ITNB4LO9" name="Practice.NewTest" tests="3" failures="0" timestamp="24 Jan 2020 07:02:36 GMT" time="0.013" errors="0">
  <testcase name="test2" time="0.011" classname="Practice.NewTest"/>
  <testcase name="test1" time="0.001" classname="Practice.NewTest"/>
  <testcase name="test3" time="0.001" classname="Practice.NewTest"/>
</testsuite> <!-- Practice.NewTest -->
