<?xml version="1.0" encoding="UTF-8"?>
<!-- Generated by org.testng.reporters.JUnitReportReporter -->
<testsuite name="maventest.NewTest" tests="3" time="0.004" ignored="0" failures="0" timestamp="24 Jan 2020 20:36:39 GMT" skipped="0" hostname="LAPTOP-ITNB4LO9" errors="0">
  <testcase name="login" time="0.002" classname="maventest.NewTest"/>
  <testcase name="homepage" time="0.001" classname="maventest.NewTest"/>
  <testcase name="registration" time="0.001" classname="maventest.NewTest"/>
</testsuite> <!-- maventest.NewTest -->
