<?xml version="1.0" encoding="UTF-8"?>
<!-- Generated by org.testng.reporters.JUnitReportReporter -->
<testsuite name="Practice.PriorityTestCase" tests="3" time="0.017" ignored="0" failures="0" timestamp="24 Jan 2020 20:44:27 GMT" skipped="0" hostname="LAPTOP-ITNB4LO9" errors="0">
  <testcase name="Test3" time="0.002" classname="Practice.PriorityTestCase"/>
  <testcase name="Test1" time="0.012" classname="Practice.PriorityTestCase"/>
  <testcase name="Test2" time="0.003" classname="Practice.PriorityTestCase"/>
</testsuite> <!-- Practice.PriorityTestCase -->
