<?xml version="1.0" encoding="UTF-8"?>
<!-- Generated by org.testng.reporters.JUnitReportReporter -->
<testsuite name="Practice.ParallelExecution" tests="3" time="0.013" ignored="0" failures="0" timestamp="24 Jan 2020 18:48:13 GMT" skipped="0" hostname="LAPTOP-ITNB4LO9" errors="0">
  <testcase name="testcase1" time="0.010" classname="Practice.ParallelExecution"/>
  <testcase name="testcase2" time="0.002" classname="Practice.ParallelExecution"/>
  <testcase name="testcase3" time="0.001" classname="Practice.ParallelExecution"/>
</testsuite> <!-- Practice.ParallelExecution -->
