<?xml version="1.0" encoding="UTF-8"?>
<!-- Generated by org.testng.reporters.JUnitReportReporter -->
<testsuite name="Practice.NewTestNG" tests="1" time="0.004" ignored="0" failures="0" timestamp="24 Jan 2020 20:44:27 GMT" skipped="0" hostname="LAPTOP-ITNB4LO9" errors="0">
  <testcase name="Test" time="0.004" classname="Practice.NewTestNG"/>
</testsuite> <!-- Practice.NewTestNG -->
