<?xml version="1.0" encoding="UTF-8"?>
<!-- Generated by org.testng.reporters.JUnitReportReporter -->
<testsuite name="DataProvider.Demo1" tests="2" time="0.011" ignored="0" failures="0" timestamp="27 Jan 2020 19:57:10 GMT" skipped="0" hostname="LAPTOP-ITNB4LO9" errors="0">
  <testcase name="testMethod" time="0.009" classname="DataProvider.Demo1"/>
  <testcase name="testMethod" time="0.002" classname="DataProvider.Demo1"/>
</testsuite> <!-- DataProvider.Demo1 -->
