<?xml version="1.0" encoding="UTF-8"?>
<!-- Generated by org.testng.reporters.JUnitReportReporter -->
<testsuite name="maventest.ParallelEx" tests="3" time="0.022" ignored="0" failures="0" timestamp="24 Jan 2020 20:36:39 GMT" skipped="0" hostname="LAPTOP-ITNB4LO9" errors="0">
  <testcase name="testcase3" time="0.002" classname="maventest.ParallelEx"/>
  <testcase name="testcase2" time="0.001" classname="maventest.ParallelEx"/>
  <testcase name="testcase1" time="0.019" classname="maventest.ParallelEx"/>
</testsuite> <!-- maventest.ParallelEx -->
